2023-04-13 21:41:38,742 - my_logger - INFO - Inside lag-opt package.
2023-04-13 21:41:38,742 - my_logger - INFO - Read-in user arguments.
2023-04-13 21:41:38,742 - my_logger - DEBUG - calc_type argument: 1
2023-04-13 21:41:38,742 - my_logger - DEBUG - job_type argument: ts_lag
2023-04-13 21:41:38,742 - my_logger - DEBUG - n_images argument: 10
2023-04-13 21:41:38,742 - my_logger - DEBUG - x_min argument: -2.0
2023-04-13 21:41:38,742 - my_logger - DEBUG - x_max argument: 2.0
2023-04-13 21:41:38,742 - my_logger - DEBUG - y_min argument: -2.0
2023-04-13 21:41:38,742 - my_logger - DEBUG - y_max argument: 2.0
2023-04-13 21:41:38,742 - my_logger - DEBUG - delta argument: 0.07
2023-04-13 21:41:38,742 - my_logger - DEBUG - step_size_g_opt argument: 0.002
2023-04-13 21:41:38,742 - my_logger - DEBUG - eps_g_opt argument: 1e-07
2023-04-13 21:41:38,742 - my_logger - DEBUG - step_size_l_opt argument: 0.0001
2023-04-13 21:41:38,742 - my_logger - DEBUG - eps_l_opt argument: 1e-09
2023-04-13 21:41:38,742 - my_logger - DEBUG - max_iter_g_opt argument: 5000
2023-04-13 21:41:38,742 - my_logger - DEBUG - max_iter_l_opt argument: 2000
2023-04-13 21:41:38,742 - my_logger - DEBUG - minima1 argument: [-1.1659786, 1.4766458]
2023-04-13 21:41:38,742 - my_logger - DEBUG - minima2 argument: [1.1330013, -1.4857527]
2023-04-13 21:41:38,743 - my_logger - DEBUG - special_point argument: [0.1, 0.1]
2023-04-13 21:41:38,743 - my_logger - DEBUG - geodesic_code argument: /home/kumaranu/Documents/testing_geodesic
2023-04-13 21:41:38,743 - my_logger - DEBUG - init_geom argument: [0.1, 0.1]
2023-04-13 21:41:38,743 - my_logger - DEBUG - atomic_symbols argument: []
2023-04-13 21:41:38,743 - my_logger - DEBUG - action_type argument: 1
2023-04-13 21:41:38,743 - my_logger - DEBUG - path_grad_type argument: 1
2023-04-13 21:41:38,743 - my_logger - INFO - This is a transition state calculation.
2023-04-13 21:41:38,743 - my_logger - INFO - Generating an initial path for the Lagrangian path optimization.
2023-04-13 21:41:38,743 - my_logger - INFO - Done with generating initial path generation.Calling the path optimization.
r - INFO - Generating an initial path for the Lagrangian path optimization.
2023-04-13 21:41:38,743 - my_logger - INFO - Generating an initial path for the Lagrangian path optimization.
2023-04-13 21:41:38,743 - my_logger - INFO - Done with generating initial path generation.Calling the path optimization.
2023-04-13 21:41:38,743 - my_logger - INFO - Done with generating initial path generation.Calling the path optimization.
